Exporter version: 3.3.1, Blender version: 3.5.0
========= Conversion from Blender to Babylon.js =========
	Scene settings used :
		Inline textures     :  false
		Material Type       :  PBR
		Positions Precision :  4
		Normals Precision   :  3
		UVs Precision       :  3
		Vert Color Precision:  3
		Mat Weight Precision:  2
		Keep Z-up r-handed  :  no
		Texture directory   :  C:\Users\user\Desktop\sample\textures\
	Python World class constructor completed
	WARNING: No active camera has been assigned, or is not in a currently enabled collection
	processing begun of mesh:  Tube
		processing begun of material:  default
		processing begun of material:  Mat.1
		processing begun of multimaterial:  hi1.Multimaterial#0
		num positions      :  10756
		num normals        :  10756
		num tangents       :  0
		num uvs            :  0
		num uvs2           :  0
		num colors         :  0
		num triangles      :  4672
	processing begun of mesh:  Cube
		processing begun of material:  Mat.1
		registered as also a user of material:  Mat.1
		num positions      :  58
		num normals        :  58
		num tangents       :  0
		num uvs            :  0
		num uvs2           :  0
		num colors         :  0
		num triangles      :  24
	processing begun of mesh:  Cube.1
		processing begun of material:  Mat.1
		registered as also a user of material:  Mat.1
		num positions      :  58
		num normals        :  58
		num tangents       :  0
		num uvs            :  0
		num uvs2           :  0
		num colors         :  0
		num triangles      :  24
	processing begun of mesh:  Lift
		processing begun of material:  Mat.1
		processing begun of material:  default
		registered as also a user of material:  Mat.1
		registered as also a user of material:  default
		processing begun of multimaterial:  hi1.Multimaterial#1
		num positions      :  1162
		num normals        :  1162
		num tangents       :  0
		num uvs            :  0
		num uvs2           :  0
		num colors         :  0
		num triangles      :  532
	processing begun of mesh:  Cube.12
		processing begun of material:  default
		registered as also a user of material:  default
		num positions      :  29
		num normals        :  29
		num tangents       :  0
		num uvs            :  0
		num uvs2           :  0
		num colors         :  0
		num triangles      :  12
	processing begun of mesh:  Cube.12_5
		processing begun of material:  default
		registered as also a user of material:  default
		num positions      :  58
		num normals        :  58
		num tangents       :  0
		num uvs            :  0
		num uvs2           :  0
		num colors         :  0
		num triangles      :  24
	processing begun of mesh:  Cube.13
		processing begun of material:  Mat.1
		registered as also a user of material:  Mat.1
		num positions      :  31
		num normals        :  31
		num tangents       :  0
		num uvs            :  0
		num uvs2           :  0
		num colors         :  0
		num triangles      :  12
	processing begun of mesh:  Cube.13_2
		processing begun of material:  default
		registered as also a user of material:  default
		num positions      :  58
		num normals        :  58
		num tangents       :  0
		num uvs            :  0
		num uvs2           :  0
		num colors         :  0
		num triangles      :  24
	processing begun of mesh:  Cube.2
		processing begun of material:  Mat.1
		registered as also a user of material:  Mat.1
		num positions      :  58
		num normals        :  58
		num tangents       :  0
		num uvs            :  0
		num uvs2           :  0
		num colors         :  0
		num triangles      :  24
	processing begun of mesh:  Cube.3
		processing begun of material:  Mat.1
		registered as also a user of material:  Mat.1
		num positions      :  181
		num normals        :  181
		num tangents       :  0
		num uvs            :  0
		num uvs2           :  0
		num colors         :  0
		num triangles      :  74
	processing begun of mesh:  Cube.4
		processing begun of material:  Mat.1
		registered as also a user of material:  Mat.1
		num positions      :  290
		num normals        :  290
		num tangents       :  0
		num uvs            :  0
		num uvs2           :  0
		num colors         :  0
		num triangles      :  108
	processing begun of mesh:  Cube.6
		processing begun of material:  Mat.1
		registered as also a user of material:  Mat.1
		num positions      :  295
		num normals        :  295
		num tangents       :  0
		num uvs            :  0
		num uvs2           :  0
		num colors         :  0
		num triangles      :  108
	processing begun of mesh:  Cube_1
		processing begun of material:  Mat
		processing begun of material:  Mat.1
		registered as also a user of material:  Mat.1
		processing begun of multimaterial:  hi1.Multimaterial#2
		num positions      :  2223
		num normals        :  2223
		num tangents       :  0
		num uvs            :  0
		num uvs2           :  0
		num colors         :  0
		num triangles      :  844
	processing begun of mesh:  Cylinder
		processing begun of material:  Mat.1
		registered as also a user of material:  Mat.1
		num positions      :  580
		num normals        :  580
		num tangents       :  0
		num uvs            :  0
		num uvs2           :  0
		num colors         :  0
		num triangles      :  288
	processing begun of mesh:  Cylinder.1
		processing begun of material:  Mat.1
		registered as also a user of material:  Mat.1
		num positions      :  224
		num normals        :  224
		num tangents       :  0
		num uvs            :  0
		num uvs2           :  0
		num colors         :  0
		num triangles      :  96
	processing begun of mesh:  Cylinder.1_1
		processing begun of material:  default
		registered as also a user of material:  default
		num positions      :  344
		num normals        :  344
		num tangents       :  0
		num uvs            :  0
		num uvs2           :  0
		num colors         :  0
		num triangles      :  144
	processing begun of mesh:  Cylinder.2
		processing begun of material:  default
		registered as also a user of material:  default
		num positions      :  337
		num normals        :  337
		num tangents       :  0
		num uvs            :  0
		num uvs2           :  0
		num colors         :  0
		num triangles      :  144
	processing begun of mesh:  Cylinder.3
		processing begun of material:  default
		registered as also a user of material:  default
		num positions      :  366
		num normals        :  366
		num tangents       :  0
		num uvs            :  0
		num uvs2           :  0
		num colors         :  0
		num triangles      :  144
	processing begun of mesh:  Cylinder.4
		processing begun of material:  default
		registered as also a user of material:  default
		num positions      :  290
		num normals        :  290
		num tangents       :  0
		num uvs            :  0
		num uvs2           :  0
		num colors         :  0
		num triangles      :  144
	processing begun of mesh:  Cylinder.5
		processing begun of material:  default
		registered as also a user of material:  default
		num positions      :  290
		num normals        :  290
		num tangents       :  0
		num uvs            :  0
		num uvs2           :  0
		num colors         :  0
		num triangles      :  144
	processing begun of mesh:  Cylinder.6
		processing begun of material:  default
		registered as also a user of material:  default
		num positions      :  349
		num normals        :  349
		num tangents       :  0
		num uvs            :  0
		num uvs2           :  0
		num colors         :  0
		num triangles      :  144
	processing begun of mesh:  Cylinder_3
		processing begun of material:  default
		registered as also a user of material:  default
		num positions      :  333
		num normals        :  333
		num tangents       :  0
		num uvs            :  0
		num uvs2           :  0
		num colors         :  0
		num triangles      :  144
	processing begun of mesh:  Panel
		processing begun of material:  Mat.1
		registered as also a user of material:  Mat.1
		num positions      :  218
		num normals        :  218
		num tangents       :  0
		num uvs            :  0
		num uvs2           :  0
		num colors         :  0
		num triangles      :  92
	processing begun of mesh:  Roof
		processing begun of material:  Mat.1
		registered as also a user of material:  Mat.1
		num positions      :  668
		num normals        :  668
		num tangents       :  0
		num uvs            :  0
		num uvs2           :  0
		num colors         :  0
		num triangles      :  312
	processing begun of mesh:  Sphere
		processing begun of material:  Mat.1
		processing begun of material:  Mat.2
		processing begun of material:  default
		registered as also a user of material:  Mat.1
		registered as also a user of material:  default
		processing begun of multimaterial:  hi1.Multimaterial#3
		num positions      :  4074
		num normals        :  4074
		num tangents       :  0
		num uvs            :  0
		num uvs2           :  0
		num colors         :  0
		num triangles      :  1440
	processing begun of mesh:  Tube_drive
		processing begun of material:  default
		registered as also a user of material:  default
		num positions      :  12533
		num normals        :  12533
		num tangents       :  0
		num uvs            :  0
		num uvs2           :  0
		num colors         :  0
		num triangles      :  4608
========= Writing of JSON file started =========
	writing mesh:  Tube
	writing mesh:  Cube
	writing mesh:  Cube.1
	writing mesh:  Lift
	writing mesh:  Cube.12
	writing mesh:  Cube.12_5
	writing mesh:  Cube.13
	writing mesh:  Cube.13_2
	writing mesh:  Cube.2
	writing mesh:  Cube.3
	writing mesh:  Cube.4
	writing mesh:  Cube.6
	writing mesh:  Cube_1
	writing mesh:  Cylinder
	writing mesh:  Cylinder.1
	writing mesh:  Cylinder.1_1
	writing mesh:  Cylinder.2
	writing mesh:  Cylinder.3
	writing mesh:  Cylinder.4
	writing mesh:  Cylinder.5
	writing mesh:  Cylinder.6
	writing mesh:  Cylinder_3
	writing mesh:  Panel
	writing mesh:  Roof
	writing mesh:  Sphere
	writing mesh:  Tube_drive
========= Writing of JSON file completed =========
========= end of processing =========
elapsed time:  0 min, 1.3135 secs
