Exporter version: 3.3.1, Blender version: 3.5.0
========= Conversion from Blender to Babylon.js =========
	Scene settings used :
		Inline textures     :  false
		Material Type       :  PBR
		Positions Precision :  4
		Normals Precision   :  3
		UVs Precision       :  3
		Vert Color Precision:  3
		Mat Weight Precision:  2
		Keep Z-up r-handed  :  no
		Texture directory   :  C:\Users\user\Desktop\sample\textures\
	Python World class constructor completed
	WARNING: No active camera has been assigned, or is not in a currently enabled collection
	processing begun of mesh:  lift
		processing begun of material:  default
		processing begun of material:  Mat.1
		processing begun of material:  Mat
		processing begun of material:  Mat.2
		processing begun of multimaterial:  xenanghang2.Multimaterial#0
		num positions      :  26992
		num normals        :  26992
		num tangents       :  0
		num uvs            :  53984
		num uvs2           :  0
		num colors         :  0
		num triangles      :  10398
========= Writing of JSON file started =========
	writing mesh:  lift
========= Writing of JSON file completed =========
========= end of processing =========
elapsed time:  0 min, 1.0971 secs
